Sat Sep  2 21:22:32 2017 :: Last compiled on Aug 27 2017 at 20:03:48.
Sat Sep  2 21:22:32 2017 :: Boot - Initializing RNG
Sat Sep  2 21:22:32 2017 :: Boot - Generating Weather
Sat Sep  2 21:22:32 2017 :: Boot - Assigning GSNs
Sat Sep  2 21:22:32 2017 :: Boot - Loading Classes
Sat Sep  2 21:22:32 2017 :: Boot - Loading Mage.
Sat Sep  2 21:22:32 2017 :: Boot - Loading Cleric.
Sat Sep  2 21:22:32 2017 :: Boot - Loading Thief.
Sat Sep  2 21:22:32 2017 :: Boot - Loading Warrior.
Sat Sep  2 21:22:32 2017 :: Boot - Loading Materials
Sat Sep  2 21:22:32 2017 :: Boot - Reading Area file social.are
Sat Sep  2 21:22:32 2017 :: Boot - Reading Area file help.are
Sat Sep  2 21:22:32 2017 :: Boot - Reading Area file rom.are
Sat Sep  2 21:22:32 2017 :: Boot - Reading Area file group.are
Sat Sep  2 21:22:32 2017 :: Boot - Reading Area file limbo.are
Sat Sep  2 21:22:32 2017 :: Boot - Reading Area file plains.are
Sat Sep  2 21:22:32 2017 :: Boot - Reading Area file ofcol2.are
Sat Sep  2 21:22:32 2017 :: Boot - Reading Area file olympus.are
Sat Sep  2 21:22:32 2017 :: Boot - Reading Area file air.are
Sat Sep  2 21:22:32 2017 :: Boot - Reading Area file shire.are
Sat Sep  2 21:22:32 2017 :: Boot - Reading Area file immort.are
Sat Sep  2 21:22:32 2017 :: Boot - Reading Area file hitower.are
Sat Sep  2 21:22:32 2017 :: Boot - Reading Area file gnome.are
Sat Sep  2 21:22:32 2017 :: Boot - Reading Area file wyvern.are
Sat Sep  2 21:22:32 2017 :: Boot - Reading Area file catacomb.are
Sat Sep  2 21:22:32 2017 :: Boot - Reading Area file draconia.are
Sat Sep  2 21:22:32 2017 :: Boot - Reading Area file mahntor.are
Sat Sep  2 21:22:32 2017 :: Boot - Reading Area file trollden.are
Sat Sep  2 21:22:32 2017 :: Boot - Reading Area file midgaard.are
Sat Sep  2 21:22:32 2017 :: Boot - Reading Area file chapel.are
Sat Sep  2 21:22:32 2017 :: Boot - Reading Area file midennir.are
Sat Sep  2 21:22:32 2017 :: Boot - Reading Area file grave.are
Sat Sep  2 21:22:32 2017 :: Boot - Reading Area file school.are
Sat Sep  2 21:22:32 2017 :: Boot - Reading Area file moria.are
Sat Sep  2 21:22:32 2017 :: Boot - Reading Area file eastern.are
Sat Sep  2 21:22:32 2017 :: Boot - Reading Area file drow.are
Sat Sep  2 21:22:32 2017 :: Boot - Reading Area file thalos.are
Sat Sep  2 21:22:32 2017 :: Boot - Reading Area file mirror.are
Sat Sep  2 21:22:32 2017 :: Boot - Reading Area file ofcol.are
Sat Sep  2 21:22:32 2017 :: Boot - Reading Area file haon.are
Sat Sep  2 21:22:32 2017 :: Boot - Reading Area file arachnos.are
Sat Sep  2 21:22:32 2017 :: Boot - Reading Area file dwarven.are
Sat Sep  2 21:22:32 2017 :: Boot - Reading Area file quifael.are
Sat Sep  2 21:22:32 2017 :: Boot - Reading Area file sewer.are
Sat Sep  2 21:22:32 2017 :: Boot - Reading Area file astral.are
Sat Sep  2 21:22:32 2017 :: Boot - Reading Area file valley.are
Sat Sep  2 21:22:32 2017 :: Boot - Reading Area file marsh.are
Sat Sep  2 21:22:32 2017 :: Boot - Reading Area file pyramid.are
Sat Sep  2 21:22:32 2017 :: Boot - Reading Area file grove.are
Sat Sep  2 21:22:32 2017 :: Boot - Reading Area file nirvana.are
Sat Sep  2 21:22:32 2017 :: Boot - Reading Area file dylan.are
Sat Sep  2 21:22:32 2017 :: Boot - Reading Area file canyon.are
Sat Sep  2 21:22:32 2017 :: Boot - Reading Area file galaxy.are
Sat Sep  2 21:22:32 2017 :: Boot - Reading Area file newthalos.are
Sat Sep  2 21:22:32 2017 :: Boot - Fixing Exits
Sat Sep  2 21:22:32 2017 :: [*****] BUG: Fix_exits: 8705:4 -> 8706:5 -> 8708.
Sat Sep  2 21:22:32 2017 :: Boot - Fixing mobprogs
Sat Sep  2 21:22:32 2017 :: Boot - Changing fBootDb state
Sat Sep  2 21:22:32 2017 :: Boot - Converting Objects(modern format)
Sat Sep  2 21:22:32 2017 :: Boot - Initial world respawn initiating
Err: obj a dagger (3351) -- 1, mob a young mage (1326) -- 9
Err: obj a dagger (3351) -- 1, mob a young mage (1326) -- 9
Err: obj a dagger (3351) -- 1, mob a young mage (1326) -- 9
Err: obj a dagger (3351) -- 1, mob the thief (3005) -- 8
Err: obj a dagger (3351) -- 1, mob the thief (3005) -- 8
Err: obj a dagger (3351) -- 1, mob the Mage (4100) -- 13
Err: obj a dagger (3351) -- 1, mob the Mage (4157) -- 11
Err: obj a dagger (3351) -- 1, mob the Mage (4157) -- 11
Err: obj a dagger (3351) -- 1, mob A tomb thief (8704) -- 10
Err: obj a dagger (3351) -- 1, mob A tomb thief (8704) -- 10
Err: obj a dagger (3351) -- 1, mob A tomb thief (8704) -- 10
Err: obj a dagger (3351) -- 1, mob A tomb thief (8704) -- 10
Err: obj a dagger (3351) -- 1, mob A tomb thief (8704) -- 10
Err: obj a dagger (3351) -- 1, mob A tomb thief (8704) -- 10
Err: obj an ice staff (9216) -- 15, mob a puddle (9214) -- 8
Err: obj an icicle (9227) -- 28, mob the Ice Bandit (9228) -- 24
Sat Sep  2 21:22:32 2017 :: Boot - Loading Notes
Sat Sep  2 21:22:32 2017 :: Boot - Loading Bans
Sat Sep  2 21:22:32 2017 :: Boot - Loading Songs
Sat Sep  2 21:22:32 2017 :: Boot - Loading Wizlist
Sat Sep  2 21:22:32 2017 :: Boot - Saving Materials File
Sat Sep  2 21:22:32 2017 :: Boot - Detecting greeting
Sat Sep  2 21:22:32 2017 :: Boot - Greeting detected!
Sat Sep  2 21:22:32 2017 :: DungeonWorld(00.02.42 (build: 242)) is now running on port 9080
Sat Sep  2 21:22:38 2017 :: Sock.sinaddr: 127.0.0.1
Sat Sep  2 21:22:40 2017 :: Loading Rayal.
Sat Sep  2 21:22:40 2017 :: [*****] BUG: Fread_char: no match for word (~)
Sat Sep  2 21:22:40 2017 :: [*****] BUG: Fread_char: no match for word (~)
Sat Sep  2 21:22:40 2017 :: [*****] BUG: Fread_char: no match for word (~)
Sat Sep  2 21:22:41 2017 :: Rayal@localhost has connected.
Sat Sep  2 21:23:19 2017 :: Log Rayal: sql_test
Sat Sep  2 21:23:23 2017 :: Rayal has quit.
Sat Sep  2 21:28:49 2017 :: Sock.sinaddr: 127.0.0.1
Sat Sep  2 21:28:51 2017 :: Loading Rayal.
Sat Sep  2 21:28:51 2017 :: [*****] BUG: Fread_char: no match for word (~)
Sat Sep  2 21:28:51 2017 :: [*****] BUG: Fread_char: no match for word (~)
Sat Sep  2 21:28:51 2017 :: [*****] BUG: Fread_char: no match for word (~)
Sat Sep  2 21:28:52 2017 :: Rayal@localhost has connected.
Sat Sep  2 21:30:00 2017 :: Rayal has quit.
Sat Sep  2 21:36:54 2017 :: Sock.sinaddr: 127.0.0.1
Sat Sep  2 21:36:55 2017 :: Loading Rayal.
Sat Sep  2 21:36:55 2017 :: [*****] BUG: Fread_char: no match for word (~)
Sat Sep  2 21:36:55 2017 :: [*****] BUG: Fread_char: no match for word (~)
Sat Sep  2 21:36:55 2017 :: [*****] BUG: Fread_char: no match for word (~)
Sat Sep  2 21:36:56 2017 :: Rayal@localhost has connected.
Sat Sep  2 21:37:57 2017 :: Rayal has quit.
Err: obj a dagger (3351) -- 1, mob the thief (3005) -- 8
Err: obj a dagger (3351) -- 1, mob the thief (3005) -- 8
Sun Sep  3 06:23:14 2017 :: Sock.sinaddr: 127.0.0.1
Sun Sep  3 06:23:16 2017 :: Loading Rayal.
Sun Sep  3 06:23:16 2017 :: [*****] BUG: Fread_char: no match for word (~)
Sun Sep  3 06:23:16 2017 :: [*****] BUG: Fread_char: no match for word (~)
Sun Sep  3 06:23:16 2017 :: [*****] BUG: Fread_char: no match for word (~)
Sun Sep  3 06:23:17 2017 :: Rayal@localhost has connected.
Sun Sep  3 06:23:20 2017 :: Log Rayal: shutdown
Sun Sep  3 06:23:20 2017 :: Closing link to Rayal.
Sun Sep  3 06:23:20 2017 :: Cleaning: initial purge
Sun Sep  3 06:23:20 2017 :: Cleaning: descriptors
Sun Sep  3 06:23:20 2017 :: Cleaning: char_list
Sun Sep  3 06:23:20 2017 :: Cleaning: obj_list
Sun Sep  3 06:23:20 2017 :: Cleaning: ban_list
Sun Sep  3 06:23:20 2017 :: Cleaning: mprog_list
Sun Sep  3 06:23:20 2017 :: Cleaning: note_list
Sun Sep  3 06:23:20 2017 :: Cleaning: idea_list
Sun Sep  3 06:23:20 2017 :: Cleaning: penalty_list
Sun Sep  3 06:23:20 2017 :: Cleaning: news_list
Sun Sep  3 06:23:20 2017 :: Cleaning: changes_list
Sun Sep  3 06:23:20 2017 :: Cleaning: wiz_list
Sun Sep  3 06:23:20 2017 :: Cleaning: buffer_list
Sun Sep  3 06:23:20 2017 :: Cleaning: mat_list
Sun Sep  3 06:23:20 2017 :: Cleaning: second purge
Sun Sep  3 06:23:20 2017 :: Freeing Hash's.  THIS COULD TAKE AWHILE!
Sun Sep  3 06:23:20 2017 :: Cleaning: areas
Sun Sep  3 06:23:20 2017 :: Cleaning: final purge
Sun Sep  3 06:23:20 2017 :: ------------------------------------------
Sun Sep  3 06:23:20 2017 ::               HASH's FREED!               
Sun Sep  3 06:23:20 2017 :: ------------------------------------------
Sun Sep  3 06:23:20 2017 :: Normal termination of game.
