Fri May 10 07:36:38 2013 :: Last compiled on May 10 2013 at 07:21:42.
Fri May 10 07:36:38 2013 :: Boot - Initializing RNG
Fri May 10 07:36:38 2013 :: Boot - Generating Weather
Fri May 10 07:36:38 2013 :: Boot - Assigning GSNs
Fri May 10 07:36:38 2013 :: Boot - Loading Classes
Fri May 10 07:36:38 2013 :: Boot - Loading Mage.
Fri May 10 07:36:38 2013 :: Boot - Loading Cleric.
Fri May 10 07:36:38 2013 :: Boot - Loading Thief.
Fri May 10 07:36:38 2013 :: Boot - Loading Warrior.
Fri May 10 07:36:38 2013 :: Boot - Loading Materials
Fri May 10 07:36:38 2013 :: Boot - Reading Area file social.are
Fri May 10 07:36:38 2013 :: Boot - Reading Area file help.are
Fri May 10 07:36:38 2013 :: Boot - Reading Area file rom.are
Fri May 10 07:36:38 2013 :: Boot - Reading Area file group.are
Fri May 10 07:36:38 2013 :: Boot - Reading Area file limbo.are
Fri May 10 07:36:38 2013 :: Boot - Reading Area file plains.are
Fri May 10 07:36:38 2013 :: Boot - Reading Area file ofcol2.are
Fri May 10 07:36:38 2013 :: Boot - Reading Area file olympus.are
Fri May 10 07:36:38 2013 :: Boot - Reading Area file air.are
Fri May 10 07:36:38 2013 :: Boot - Reading Area file shire.are
Fri May 10 07:36:38 2013 :: Boot - Reading Area file immort.are
Fri May 10 07:36:38 2013 :: Boot - Reading Area file hitower.are
Fri May 10 07:36:38 2013 :: Boot - Reading Area file gnome.are
Fri May 10 07:36:38 2013 :: Boot - Reading Area file wyvern.are
Fri May 10 07:36:38 2013 :: Boot - Reading Area file catacomb.are
Fri May 10 07:36:38 2013 :: Boot - Reading Area file draconia.are
Fri May 10 07:36:38 2013 :: Boot - Reading Area file mahntor.are
Fri May 10 07:36:38 2013 :: Boot - Reading Area file trollden.are
Fri May 10 07:36:38 2013 :: Boot - Reading Area file midgaard.are
Fri May 10 07:36:38 2013 :: Boot - Reading Area file chapel.are
Fri May 10 07:36:38 2013 :: Boot - Reading Area file midennir.are
Fri May 10 07:36:38 2013 :: Boot - Reading Area file grave.are
Fri May 10 07:36:38 2013 :: Boot - Reading Area file school.are
Fri May 10 07:36:38 2013 :: Boot - Reading Area file moria.are
Fri May 10 07:36:38 2013 :: Boot - Reading Area file eastern.are
Fri May 10 07:36:38 2013 :: Boot - Reading Area file drow.are
Fri May 10 07:36:38 2013 :: Boot - Reading Area file thalos.are
Fri May 10 07:36:38 2013 :: Boot - Reading Area file mirror.are
Fri May 10 07:36:38 2013 :: Boot - Reading Area file ofcol.are
Fri May 10 07:36:38 2013 :: Boot - Reading Area file haon.are
Fri May 10 07:36:38 2013 :: Boot - Reading Area file arachnos.are
Fri May 10 07:36:38 2013 :: Boot - Reading Area file dwarven.are
Fri May 10 07:36:38 2013 :: Boot - Reading Area file quifael.are
Fri May 10 07:36:38 2013 :: Boot - Reading Area file sewer.are
Fri May 10 07:36:38 2013 :: Boot - Reading Area file astral.are
Fri May 10 07:36:38 2013 :: Boot - Reading Area file valley.are
Fri May 10 07:36:38 2013 :: Boot - Reading Area file marsh.are
Fri May 10 07:36:38 2013 :: Boot - Reading Area file pyramid.are
Fri May 10 07:36:38 2013 :: Boot - Reading Area file grove.are
Fri May 10 07:36:38 2013 :: Boot - Reading Area file nirvana.are
Fri May 10 07:36:38 2013 :: Boot - Reading Area file dylan.are
Fri May 10 07:36:38 2013 :: Boot - Reading Area file canyon.are
Fri May 10 07:36:38 2013 :: Boot - Reading Area file galaxy.are
Fri May 10 07:36:38 2013 :: Boot - Reading Area file newthalos.are
Fri May 10 07:36:38 2013 :: Boot - Fixing Exits
Fri May 10 07:36:38 2013 :: [*****] BUG: Fix_exits: 8705:4 -> 8706:5 -> 8708.
Fri May 10 07:36:38 2013 :: Boot - Fixing mobprogs
Fri May 10 07:36:38 2013 :: Boot - Changing fBootDb state
Fri May 10 07:36:38 2013 :: Boot - Converting Objects(modern format)
Fri May 10 07:36:38 2013 :: Boot - Initial world respawn initiating
Err: obj a dagger (3351) -- 1, mob a young mage (1326) -- 9
Err: obj a dagger (3351) -- 1, mob a young mage (1326) -- 9
Err: obj a dagger (3351) -- 1, mob a young mage (1326) -- 9
Err: obj a dagger (3351) -- 1, mob the thief (3005) -- 8
Err: obj a dagger (3351) -- 1, mob the thief (3005) -- 8
Err: obj a dagger (3351) -- 1, mob the Mage (4100) -- 13
Err: obj a dagger (3351) -- 1, mob the Mage (4157) -- 11
Err: obj a dagger (3351) -- 1, mob the Mage (4157) -- 11
Err: obj a dagger (3351) -- 1, mob A tomb thief (8704) -- 10
Err: obj a dagger (3351) -- 1, mob A tomb thief (8704) -- 10
Err: obj a dagger (3351) -- 1, mob A tomb thief (8704) -- 10
Err: obj a dagger (3351) -- 1, mob A tomb thief (8704) -- 10
Err: obj a dagger (3351) -- 1, mob A tomb thief (8704) -- 10
Err: obj a dagger (3351) -- 1, mob A tomb thief (8704) -- 10
Err: obj an ice staff (9216) -- 15, mob a puddle (9214) -- 8
Err: obj an icicle (9227) -- 28, mob the Ice Bandit (9228) -- 24
Fri May 10 07:36:38 2013 :: Boot - Loading Notes
Fri May 10 07:36:38 2013 :: Boot - Loading Bans
Fri May 10 07:36:38 2013 :: Boot - Loading Songs
Fri May 10 07:36:38 2013 :: Boot - Loading Wizlist
Fri May 10 07:36:38 2013 :: Boot - Saving Materials File
Fri May 10 07:36:38 2013 :: Boot - Detecting greeting
Fri May 10 07:36:38 2013 :: Boot - Greeting detected!
Fri May 10 07:36:38 2013 :: DungeonWorld(00.01.34 (build: 134)) is now running on port 9080
Fri May 10 07:36:52 2013 :: Sock.sinaddr: 152.228.147.82
Fri May 10 07:36:54 2013 :: Loading Rayal.
Fri May 10 07:36:54 2013 :: [*****] BUG: Fread_char: no match for word (~)
Fri May 10 07:36:54 2013 :: [*****] BUG: Fread_char: no match for word (~)
Fri May 10 07:36:54 2013 :: [*****] BUG: Fread_char: no match for word (~)
Fri May 10 07:36:55 2013 :: Rayal@LEH-0002-025264.valpo.edu has connected.
Fri May 10 07:38:14 2013 :: Sock.sinaddr: 66.249.73.6
Fri May 10 07:53:13 2013 :: EOF encountered on read.
Fri May 10 07:59:58 2013 :: Sock.sinaddr: 66.249.73.6
Fri May 10 08:14:58 2013 :: EOF encountered on read.
Err: obj an ice staff (9216) -- 15, mob a puddle (9214) -- 8
Err: obj a dagger (3351) -- 1, mob the thief (3005) -- 8
Err: obj a dagger (3351) -- 1, mob the thief (3005) -- 8
Fri May 10 08:49:13 2013 :: Rayal has quit.
Fri May 10 09:43:21 2013 :: Sock.sinaddr: 152.228.147.82
Fri May 10 09:43:22 2013 :: Loading Rayal.
Fri May 10 09:43:22 2013 :: [*****] BUG: Fread_char: no match for word (~)
Fri May 10 09:43:22 2013 :: [*****] BUG: Fread_char: no match for word (~)
Fri May 10 09:43:24 2013 :: Rayal@LEH-0002-025264.valpo.edu has connected.
Fri May 10 09:43:26 2013 :: Log Rayal: reboot now
Fri May 10 09:43:26 2013 :: Closing link to Rayal.
Fri May 10 09:43:26 2013 :: Cleaning: initial purge
Fri May 10 09:43:26 2013 :: Cleaning: descriptors
Fri May 10 09:43:26 2013 :: Cleaning: char_list
Fri May 10 09:43:26 2013 :: Cleaning: obj_list
Fri May 10 09:43:26 2013 :: Cleaning: ban_list
Fri May 10 09:43:26 2013 :: Cleaning: mprog_list
Fri May 10 09:43:26 2013 :: Cleaning: note_list
Fri May 10 09:43:26 2013 :: Cleaning: idea_list
Fri May 10 09:43:26 2013 :: Cleaning: penalty_list
Fri May 10 09:43:26 2013 :: Cleaning: news_list
Fri May 10 09:43:26 2013 :: Cleaning: changes_list
Fri May 10 09:43:26 2013 :: Cleaning: wiz_list
Fri May 10 09:43:26 2013 :: Cleaning: buffer_list
Fri May 10 09:43:26 2013 :: Cleaning: mat_list
Fri May 10 09:43:26 2013 :: Cleaning: second purge
Fri May 10 09:43:26 2013 :: Freeing Hash's.  THIS COULD TAKE AWHILE!
Fri May 10 09:43:26 2013 :: Cleaning: areas
Fri May 10 09:43:26 2013 :: Cleaning: final purge
Fri May 10 09:43:26 2013 :: ------------------------------------------
Fri May 10 09:43:26 2013 ::               HASH's FREED!               
Fri May 10 09:43:26 2013 :: ------------------------------------------
Fri May 10 09:43:26 2013 :: Normal termination of game.
