Wed May 15 07:57:04 2013 :: Last compiled on May 14 2013 at 13:06:11.
Wed May 15 07:57:04 2013 :: Boot - Initializing RNG
Wed May 15 07:57:04 2013 :: Boot - Generating Weather
Wed May 15 07:57:04 2013 :: Boot - Assigning GSNs
Wed May 15 07:57:04 2013 :: Boot - Loading Classes
Wed May 15 07:57:04 2013 :: Boot - Loading Mage.
Wed May 15 07:57:04 2013 :: Boot - Loading Cleric.
Wed May 15 07:57:04 2013 :: Boot - Loading Thief.
Wed May 15 07:57:04 2013 :: Boot - Loading Warrior.
Wed May 15 07:57:04 2013 :: Boot - Loading Materials
Wed May 15 07:57:04 2013 :: Boot - Reading Area file social.are
Wed May 15 07:57:04 2013 :: Boot - Reading Area file help.are
Wed May 15 07:57:04 2013 :: Boot - Reading Area file rom.are
Wed May 15 07:57:04 2013 :: Boot - Reading Area file group.are
Wed May 15 07:57:04 2013 :: Boot - Reading Area file limbo.are
Wed May 15 07:57:04 2013 :: Boot - Reading Area file plains.are
Wed May 15 07:57:04 2013 :: Boot - Reading Area file ofcol2.are
Wed May 15 07:57:04 2013 :: Boot - Reading Area file olympus.are
Wed May 15 07:57:04 2013 :: Boot - Reading Area file air.are
Wed May 15 07:57:04 2013 :: Boot - Reading Area file shire.are
Wed May 15 07:57:04 2013 :: Boot - Reading Area file immort.are
Wed May 15 07:57:04 2013 :: Boot - Reading Area file hitower.are
Wed May 15 07:57:04 2013 :: Boot - Reading Area file gnome.are
Wed May 15 07:57:04 2013 :: Boot - Reading Area file wyvern.are
Wed May 15 07:57:04 2013 :: Boot - Reading Area file catacomb.are
Wed May 15 07:57:04 2013 :: Boot - Reading Area file draconia.are
Wed May 15 07:57:04 2013 :: Boot - Reading Area file mahntor.are
Wed May 15 07:57:04 2013 :: Boot - Reading Area file trollden.are
Wed May 15 07:57:04 2013 :: Boot - Reading Area file midgaard.are
Wed May 15 07:57:04 2013 :: Boot - Reading Area file chapel.are
Wed May 15 07:57:04 2013 :: Boot - Reading Area file midennir.are
Wed May 15 07:57:04 2013 :: Boot - Reading Area file grave.are
Wed May 15 07:57:04 2013 :: Boot - Reading Area file school.are
Wed May 15 07:57:04 2013 :: Boot - Reading Area file moria.are
Wed May 15 07:57:04 2013 :: Boot - Reading Area file eastern.are
Wed May 15 07:57:04 2013 :: Boot - Reading Area file drow.are
Wed May 15 07:57:04 2013 :: Boot - Reading Area file thalos.are
Wed May 15 07:57:04 2013 :: Boot - Reading Area file mirror.are
Wed May 15 07:57:04 2013 :: Boot - Reading Area file ofcol.are
Wed May 15 07:57:04 2013 :: Boot - Reading Area file haon.are
Wed May 15 07:57:04 2013 :: Boot - Reading Area file arachnos.are
Wed May 15 07:57:04 2013 :: Boot - Reading Area file dwarven.are
Wed May 15 07:57:04 2013 :: Boot - Reading Area file quifael.are
Wed May 15 07:57:04 2013 :: Boot - Reading Area file sewer.are
Wed May 15 07:57:04 2013 :: Boot - Reading Area file astral.are
Wed May 15 07:57:04 2013 :: Boot - Reading Area file valley.are
Wed May 15 07:57:04 2013 :: Boot - Reading Area file marsh.are
Wed May 15 07:57:04 2013 :: Boot - Reading Area file pyramid.are
Wed May 15 07:57:04 2013 :: Boot - Reading Area file grove.are
Wed May 15 07:57:04 2013 :: Boot - Reading Area file nirvana.are
Wed May 15 07:57:04 2013 :: Boot - Reading Area file dylan.are
Wed May 15 07:57:04 2013 :: Boot - Reading Area file canyon.are
Wed May 15 07:57:04 2013 :: Boot - Reading Area file galaxy.are
Wed May 15 07:57:04 2013 :: Boot - Reading Area file newthalos.are
Wed May 15 07:57:04 2013 :: Boot - Fixing Exits
Wed May 15 07:57:04 2013 :: [*****] BUG: Fix_exits: 8705:4 -> 8706:5 -> 8708.
Wed May 15 07:57:04 2013 :: Boot - Fixing mobprogs
Wed May 15 07:57:04 2013 :: Boot - Changing fBootDb state
Wed May 15 07:57:04 2013 :: Boot - Converting Objects(modern format)
Wed May 15 07:57:04 2013 :: Boot - Initial world respawn initiating
Err: obj a dagger (3351) -- 1, mob a young mage (1326) -- 9
Err: obj a dagger (3351) -- 1, mob a young mage (1326) -- 9
Err: obj a dagger (3351) -- 1, mob a young mage (1326) -- 9
Err: obj a dagger (3351) -- 1, mob the thief (3005) -- 8
Err: obj a dagger (3351) -- 1, mob the thief (3005) -- 8
Err: obj a dagger (3351) -- 1, mob the Mage (4100) -- 13
Err: obj a dagger (3351) -- 1, mob the Mage (4157) -- 11
Err: obj a dagger (3351) -- 1, mob the Mage (4157) -- 11
Err: obj a dagger (3351) -- 1, mob A tomb thief (8704) -- 10
Err: obj a dagger (3351) -- 1, mob A tomb thief (8704) -- 10
Err: obj a dagger (3351) -- 1, mob A tomb thief (8704) -- 10
Err: obj a dagger (3351) -- 1, mob A tomb thief (8704) -- 10
Err: obj a dagger (3351) -- 1, mob A tomb thief (8704) -- 10
Err: obj a dagger (3351) -- 1, mob A tomb thief (8704) -- 10
Err: obj an ice staff (9216) -- 15, mob a puddle (9214) -- 8
Err: obj an icicle (9227) -- 28, mob the Ice Bandit (9228) -- 24
Wed May 15 07:57:04 2013 :: Boot - Loading Notes
Wed May 15 07:57:04 2013 :: Boot - Loading Bans
Wed May 15 07:57:04 2013 :: Boot - Loading Songs
Wed May 15 07:57:04 2013 :: Boot - Loading Wizlist
Wed May 15 07:57:04 2013 :: Boot - Saving Materials File
Wed May 15 07:57:04 2013 :: Boot - Detecting greeting
Wed May 15 07:57:04 2013 :: Boot - Greeting detected!
Wed May 15 07:57:04 2013 :: DungeonWorld(00.01.52 (build: 152)) is now running on port 9080
Wed May 15 07:57:29 2013 :: Sock.sinaddr: 152.228.147.82
Wed May 15 07:57:30 2013 :: Loading Rayal.
Wed May 15 07:57:30 2013 :: [*****] BUG: Fread_char: no match for word (~)
Wed May 15 07:57:30 2013 :: [*****] BUG: Fread_char: no match for word (~)
Wed May 15 07:57:31 2013 :: Rayal@LEH-0002-025264.valpo.edu has connected.
Wed May 15 07:58:21 2013 :: Log Rayal: purge
Err: obj a dagger (3351) -- 1, mob the thief (3005) -- 8
Err: obj a dagger (3351) -- 1, mob the thief (3005) -- 8
Err: obj an ice staff (9216) -- 15, mob a puddle (9214) -- 8
Wed May 15 09:44:14 2013 :: Rayal has quit.
Wed May 15 11:43:38 2013 :: Sock.sinaddr: 152.228.147.82
Wed May 15 11:43:39 2013 :: Loading Rayal.
Wed May 15 11:43:39 2013 :: [*****] BUG: Fread_char: no match for word (~)
Wed May 15 11:43:39 2013 :: [*****] BUG: Fread_char: no match for word (~)
Wed May 15 11:43:40 2013 :: Rayal@LEH-0002-025264.valpo.edu has connected.
Wed May 15 13:10:47 2013 :: Rayal has quit.
Thu May 16 05:56:06 2013 :: Sock.sinaddr: 152.228.147.82
Thu May 16 05:56:08 2013 :: Loading Rayal.
Thu May 16 05:56:08 2013 :: [*****] BUG: Fread_char: no match for word (~)
Thu May 16 05:56:08 2013 :: [*****] BUG: Fread_char: no match for word (~)
Thu May 16 05:56:08 2013 :: Rayal@LEH-0002-025264.valpo.edu has connected.
Thu May 16 06:06:50 2013 :: [*****] BUG: buffer overflow past size 16384
Thu May 16 06:12:17 2013 :: Log Rayal: reboot now
Thu May 16 06:12:17 2013 :: Closing link to Rayal.
Thu May 16 06:12:17 2013 :: Cleaning: initial purge
Thu May 16 06:12:17 2013 :: Cleaning: descriptors
Thu May 16 06:12:17 2013 :: Cleaning: char_list
Thu May 16 06:12:17 2013 :: Cleaning: obj_list
Thu May 16 06:12:17 2013 :: Cleaning: ban_list
Thu May 16 06:12:17 2013 :: Cleaning: mprog_list
Thu May 16 06:12:17 2013 :: Cleaning: note_list
Thu May 16 06:12:17 2013 :: Cleaning: idea_list
Thu May 16 06:12:17 2013 :: Cleaning: penalty_list
Thu May 16 06:12:17 2013 :: Cleaning: news_list
Thu May 16 06:12:17 2013 :: Cleaning: changes_list
Thu May 16 06:12:17 2013 :: Cleaning: wiz_list
Thu May 16 06:12:17 2013 :: Cleaning: buffer_list
Thu May 16 06:12:17 2013 :: Cleaning: mat_list
Thu May 16 06:12:17 2013 :: Cleaning: second purge
Thu May 16 06:12:17 2013 :: Freeing Hash's.  THIS COULD TAKE AWHILE!
*** glibc detected *** ../src/rom: double free or corruption (!prev): 0x0a02d688 ***
======= Backtrace: =========
/lib/libc.so.6[0x9e9c35]
/lib/libc.so.6(cfree+0x59)[0x9edc29]
../src/rom[0x8090d5b]
../src/rom[0x806e32c]
../src/rom[0x806e606]
/lib/libc.so.6(__libc_start_main+0xdc)[0x995ebc]
../src/rom[0x8049081]
======= Memory map: ========
003e0000-003ea000 r-xp 00000000 fd:01 56266636   /lib/libnss_files-2.5.so
003ea000-003eb000 r--p 00009000 fd:01 56266636   /lib/libnss_files-2.5.so
003eb000-003ec000 rw-p 0000a000 fd:01 56266636   /lib/libnss_files-2.5.so
007c3000-007c4000 r-xp 007c3000 00:00 0          [vdso]
00961000-0097c000 r-xp 00000000 fd:01 56263414   /lib/ld-2.5.so
0097c000-0097d000 r--p 0001a000 fd:01 56263414   /lib/ld-2.5.so
0097d000-0097e000 rw-p 0001b000 fd:01 56263414   /lib/ld-2.5.so
00980000-00ad7000 r-xp 00000000 fd:01 56263415   /lib/libc-2.5.so
00ad7000-00ad9000 r--p 00156000 fd:01 56263415   /lib/libc-2.5.so
00ad9000-00ada000 rw-p 00158000 fd:01 56263415   /lib/libc-2.5.so
00ada000-00add000 rw-p 00ada000 00:00 0 
00baf000-00bb8000 r-xp 00000000 fd:01 56263885   /lib/libcrypt-2.5.so
00bb8000-00bb9000 r--p 00008000 fd:01 56263885   /lib/libcrypt-2.5.so
00bb9000-00bba000 rw-p 00009000 fd:01 56263885   /lib/libcrypt-2.5.so
00bba000-00be1000 rw-p 00bba000 00:00 0 
00be3000-00bee000 r-xp 00000000 fd:01 56267278   /lib/libgcc_s-4.1.2-20080825.so.1
00bee000-00bef000 rw-p 0000a000 fd:01 56267278   /lib/libgcc_s-4.1.2-20080825.so.1
00c15000-00c26000 r-xp 00000000 fd:01 56263879   /lib/libresolv-2.5.so
00c26000-00c27000 r--p 00010000 fd:01 56263879   /lib/libresolv-2.5.so
00c27000-00c28000 rw-p 00011000 fd:01 56263879   /lib/libresolv-2.5.so
00c28000-00c2a000 rw-p 00c28000 00:00 0 
00c40000-00c44000 r-xp 00000000 fd:01 56263853   /lib/libnss_dns-2.5.so
00c44000-00c45000 r--p 00003000 fd:01 56263853   /lib/libnss_dns-2.5.so
00c45000-00c46000 rw-p 00004000 fd:01 56263853   /lib/libnss_dns-2.5.so
08048000-080e2000 r-xp 00000000 fd:01 67338913   (deleted) /home/m243bra/dungeon/src/rom
080e2000-080e5000 rw-p 0009a000 fd:01 67338913   (deleted) /home/m243bra/dungeon/src/rom
080e5000-0810e000 rw-p 080e5000 00:00 0 
09e2b000-0a2a9000 rw-p 09e2b000 00:00 0          [heap]
b7f88000-b7f8a000 rw-p b7f88000 00:00 0 
bfc11000-bfc26000 rw-p bffe8000 00:00 0          [stack]
