Thu May 16 07:17:05 2013 :: Last compiled on May 16 2013 at 06:11:58.
Thu May 16 07:17:05 2013 :: Boot - Initializing RNG
Thu May 16 07:17:05 2013 :: Boot - Generating Weather
Thu May 16 07:17:05 2013 :: Boot - Assigning GSNs
Thu May 16 07:17:05 2013 :: Boot - Loading Classes
Thu May 16 07:17:05 2013 :: Boot - Loading Mage.
Thu May 16 07:17:05 2013 :: Boot - Loading Cleric.
Thu May 16 07:17:05 2013 :: Boot - Loading Thief.
Thu May 16 07:17:05 2013 :: Boot - Loading Warrior.
Thu May 16 07:17:05 2013 :: Boot - Loading Materials
Thu May 16 07:17:05 2013 :: Boot - Reading Area file social.are
Thu May 16 07:17:05 2013 :: Boot - Reading Area file group.are
Thu May 16 07:17:05 2013 :: Boot - Reading Area file rom.are
Thu May 16 07:17:05 2013 :: Boot - Reading Area file help.are
Thu May 16 07:17:05 2013 :: Boot - Reading Area file limbo.are
Thu May 16 07:17:05 2013 :: Boot - Reading Area file plains.are
Thu May 16 07:17:05 2013 :: Boot - Reading Area file ofcol2.are
Thu May 16 07:17:05 2013 :: Boot - Reading Area file olympus.are
Thu May 16 07:17:05 2013 :: Boot - Reading Area file air.are
Thu May 16 07:17:05 2013 :: Boot - Reading Area file shire.are
Thu May 16 07:17:05 2013 :: Boot - Reading Area file immort.are
Thu May 16 07:17:05 2013 :: Boot - Reading Area file hitower.are
Thu May 16 07:17:05 2013 :: Boot - Reading Area file gnome.are
Thu May 16 07:17:05 2013 :: Boot - Reading Area file wyvern.are
Thu May 16 07:17:05 2013 :: Boot - Reading Area file catacomb.are
Thu May 16 07:17:05 2013 :: Boot - Reading Area file draconia.are
Thu May 16 07:17:05 2013 :: Boot - Reading Area file mahntor.are
Thu May 16 07:17:05 2013 :: Boot - Reading Area file trollden.are
Thu May 16 07:17:05 2013 :: Boot - Reading Area file midgaard.are
Thu May 16 07:17:05 2013 :: Boot - Reading Area file chapel.are
Thu May 16 07:17:05 2013 :: Boot - Reading Area file midennir.are
Thu May 16 07:17:05 2013 :: Boot - Reading Area file grave.are
Thu May 16 07:17:05 2013 :: Boot - Reading Area file school.are
Thu May 16 07:17:05 2013 :: Boot - Reading Area file moria.are
Thu May 16 07:17:05 2013 :: Boot - Reading Area file eastern.are
Thu May 16 07:17:05 2013 :: Boot - Reading Area file drow.are
Thu May 16 07:17:05 2013 :: Boot - Reading Area file thalos.are
Thu May 16 07:17:05 2013 :: Boot - Reading Area file mirror.are
Thu May 16 07:17:05 2013 :: Boot - Reading Area file ofcol.are
Thu May 16 07:17:05 2013 :: Boot - Reading Area file haon.are
Thu May 16 07:17:05 2013 :: Boot - Reading Area file arachnos.are
Thu May 16 07:17:05 2013 :: Boot - Reading Area file dwarven.are
Thu May 16 07:17:05 2013 :: Boot - Reading Area file quifael.are
Thu May 16 07:17:05 2013 :: Boot - Reading Area file sewer.are
Thu May 16 07:17:05 2013 :: Boot - Reading Area file astral.are
Thu May 16 07:17:05 2013 :: Boot - Reading Area file valley.are
Thu May 16 07:17:05 2013 :: Boot - Reading Area file marsh.are
Thu May 16 07:17:05 2013 :: Boot - Reading Area file pyramid.are
Thu May 16 07:17:05 2013 :: Boot - Reading Area file grove.are
Thu May 16 07:17:05 2013 :: Boot - Reading Area file nirvana.are
Thu May 16 07:17:05 2013 :: Boot - Reading Area file dylan.are
Thu May 16 07:17:05 2013 :: Boot - Reading Area file canyon.are
Thu May 16 07:17:05 2013 :: Boot - Reading Area file galaxy.are
Thu May 16 07:17:05 2013 :: Boot - Reading Area file newthalos.are
Thu May 16 07:17:05 2013 :: Boot - Fixing Exits
Thu May 16 07:17:05 2013 :: [*****] BUG: Fix_exits: 8705:4 -> 8706:5 -> 8708.
Thu May 16 07:17:05 2013 :: Boot - Fixing mobprogs
Thu May 16 07:17:05 2013 :: Boot - Changing fBootDb state
Thu May 16 07:17:05 2013 :: Boot - Converting Objects(modern format)
Thu May 16 07:17:05 2013 :: Boot - Initial world respawn initiating
Err: obj a dagger (3351) -- 1, mob a young mage (1326) -- 9
Err: obj a dagger (3351) -- 1, mob a young mage (1326) -- 9
Err: obj a dagger (3351) -- 1, mob a young mage (1326) -- 9
Err: obj a dagger (3351) -- 1, mob the thief (3005) -- 8
Err: obj a dagger (3351) -- 1, mob the thief (3005) -- 8
Err: obj a dagger (3351) -- 1, mob the Mage (4100) -- 13
Err: obj a dagger (3351) -- 1, mob the Mage (4157) -- 11
Err: obj a dagger (3351) -- 1, mob the Mage (4157) -- 11
Err: obj a dagger (3351) -- 1, mob A tomb thief (8704) -- 10
Err: obj a dagger (3351) -- 1, mob A tomb thief (8704) -- 10
Err: obj a dagger (3351) -- 1, mob A tomb thief (8704) -- 10
Err: obj a dagger (3351) -- 1, mob A tomb thief (8704) -- 10
Err: obj a dagger (3351) -- 1, mob A tomb thief (8704) -- 10
Err: obj a dagger (3351) -- 1, mob A tomb thief (8704) -- 10
Err: obj an ice staff (9216) -- 15, mob a puddle (9214) -- 8
Err: obj an icicle (9227) -- 28, mob the Ice Bandit (9228) -- 24
Thu May 16 07:17:05 2013 :: Boot - Loading Notes
Thu May 16 07:17:05 2013 :: Boot - Loading Bans
Thu May 16 07:17:05 2013 :: Boot - Loading Songs
Thu May 16 07:17:05 2013 :: Boot - Loading Wizlist
Thu May 16 07:17:05 2013 :: Boot - Saving Materials File
Thu May 16 07:17:05 2013 :: Boot - Detecting greeting
Thu May 16 07:17:05 2013 :: Boot - Greeting detected!
Thu May 16 07:17:05 2013 :: DungeonWorld(00.01.56 (build: 156)) is now running on port 9080
Thu May 16 07:17:09 2013 :: Sock.sinaddr: 152.228.147.82
Thu May 16 07:17:11 2013 :: Loading Rayal.
Thu May 16 07:17:11 2013 :: [*****] BUG: Fread_char: no match for word (~)
Thu May 16 07:17:11 2013 :: [*****] BUG: Fread_char: no match for word (~)
Thu May 16 07:17:12 2013 :: Rayal@LEH-0002-025264.valpo.edu has connected.
Thu May 16 07:23:36 2013 :: Log Rayal: purge
Thu May 16 07:24:52 2013 :: Log Rayal: reboot now
Thu May 16 07:24:52 2013 :: Closing link to Rayal.
Thu May 16 07:24:52 2013 :: Cleaning: initial purge
Thu May 16 07:24:52 2013 :: Cleaning: descriptors
Thu May 16 07:24:52 2013 :: Cleaning: char_list
Thu May 16 07:24:52 2013 :: Cleaning: obj_list
Thu May 16 07:24:52 2013 :: Cleaning: ban_list
Thu May 16 07:24:52 2013 :: Cleaning: mprog_list
Thu May 16 07:24:52 2013 :: Cleaning: note_list
Thu May 16 07:24:52 2013 :: Cleaning: idea_list
Thu May 16 07:24:52 2013 :: Cleaning: penalty_list
Thu May 16 07:24:52 2013 :: Cleaning: news_list
Thu May 16 07:24:52 2013 :: Cleaning: changes_list
Thu May 16 07:24:52 2013 :: Cleaning: wiz_list
Thu May 16 07:24:52 2013 :: Cleaning: buffer_list
Thu May 16 07:24:52 2013 :: Cleaning: mat_list
Thu May 16 07:24:52 2013 :: Cleaning: second purge
Thu May 16 07:24:52 2013 :: Freeing Hash's.  THIS COULD TAKE AWHILE!
Thu May 16 07:24:52 2013 :: Cleaning: areas
Thu May 16 07:24:52 2013 :: Cleaning: final purge
Thu May 16 07:24:52 2013 :: ------------------------------------------
Thu May 16 07:24:52 2013 ::               HASH's FREED!               
Thu May 16 07:24:52 2013 :: ------------------------------------------
Thu May 16 07:24:52 2013 :: Normal termination of game.
