Thu May 16 08:41:38 2013 :: Last compiled on May 16 2013 at 06:11:58.
Thu May 16 08:41:38 2013 :: Boot - Initializing RNG
Thu May 16 08:41:38 2013 :: Boot - Generating Weather
Thu May 16 08:41:38 2013 :: Boot - Assigning GSNs
Thu May 16 08:41:38 2013 :: Boot - Loading Classes
Thu May 16 08:41:38 2013 :: Boot - Loading Mage.
Thu May 16 08:41:38 2013 :: Boot - Loading Cleric.
Thu May 16 08:41:38 2013 :: Boot - Loading Thief.
Thu May 16 08:41:38 2013 :: Boot - Loading Warrior.
Thu May 16 08:41:38 2013 :: Boot - Loading Materials
Thu May 16 08:41:38 2013 :: Boot - Reading Area file social.are
Thu May 16 08:41:38 2013 :: Boot - Reading Area file group.are
Thu May 16 08:41:38 2013 :: Boot - Reading Area file rom.are
Thu May 16 08:41:38 2013 :: Boot - Reading Area file help.are
Thu May 16 08:41:38 2013 :: Boot - Reading Area file limbo.are
Thu May 16 08:41:38 2013 :: Boot - Reading Area file plains.are
Thu May 16 08:41:38 2013 :: Boot - Reading Area file ofcol2.are
Thu May 16 08:41:38 2013 :: Boot - Reading Area file olympus.are
Thu May 16 08:41:38 2013 :: Boot - Reading Area file air.are
Thu May 16 08:41:38 2013 :: Boot - Reading Area file shire.are
Thu May 16 08:41:38 2013 :: Boot - Reading Area file immort.are
Thu May 16 08:41:38 2013 :: Boot - Reading Area file hitower.are
Thu May 16 08:41:38 2013 :: Boot - Reading Area file gnome.are
Thu May 16 08:41:38 2013 :: Boot - Reading Area file wyvern.are
Thu May 16 08:41:38 2013 :: Boot - Reading Area file catacomb.are
Thu May 16 08:41:38 2013 :: Boot - Reading Area file draconia.are
Thu May 16 08:41:38 2013 :: Boot - Reading Area file mahntor.are
Thu May 16 08:41:38 2013 :: Boot - Reading Area file trollden.are
Thu May 16 08:41:38 2013 :: Boot - Reading Area file midgaard.are
Thu May 16 08:41:38 2013 :: Boot - Reading Area file chapel.are
Thu May 16 08:41:38 2013 :: Boot - Reading Area file midennir.are
Thu May 16 08:41:38 2013 :: Boot - Reading Area file grave.are
Thu May 16 08:41:38 2013 :: Boot - Reading Area file school.are
Thu May 16 08:41:38 2013 :: Boot - Reading Area file moria.are
Thu May 16 08:41:38 2013 :: Boot - Reading Area file eastern.are
Thu May 16 08:41:38 2013 :: Boot - Reading Area file drow.are
Thu May 16 08:41:38 2013 :: Boot - Reading Area file thalos.are
Thu May 16 08:41:38 2013 :: Boot - Reading Area file mirror.are
Thu May 16 08:41:38 2013 :: Boot - Reading Area file ofcol.are
Thu May 16 08:41:38 2013 :: Boot - Reading Area file haon.are
Thu May 16 08:41:38 2013 :: Boot - Reading Area file arachnos.are
Thu May 16 08:41:38 2013 :: Boot - Reading Area file dwarven.are
Thu May 16 08:41:38 2013 :: Boot - Reading Area file quifael.are
Thu May 16 08:41:38 2013 :: Boot - Reading Area file sewer.are
Thu May 16 08:41:38 2013 :: Boot - Reading Area file astral.are
Thu May 16 08:41:38 2013 :: Boot - Reading Area file valley.are
Thu May 16 08:41:38 2013 :: Boot - Reading Area file marsh.are
Thu May 16 08:41:38 2013 :: Boot - Reading Area file pyramid.are
Thu May 16 08:41:38 2013 :: Boot - Reading Area file grove.are
Thu May 16 08:41:38 2013 :: Boot - Reading Area file nirvana.are
Thu May 16 08:41:38 2013 :: Boot - Reading Area file dylan.are
Thu May 16 08:41:38 2013 :: Boot - Reading Area file canyon.are
Thu May 16 08:41:38 2013 :: Boot - Reading Area file galaxy.are
Thu May 16 08:41:38 2013 :: Boot - Reading Area file newthalos.are
Thu May 16 08:41:38 2013 :: Boot - Fixing Exits
Thu May 16 08:41:38 2013 :: [*****] BUG: Fix_exits: 8705:4 -> 8706:5 -> 8708.
Thu May 16 08:41:38 2013 :: Boot - Fixing mobprogs
Thu May 16 08:41:38 2013 :: Boot - Changing fBootDb state
Thu May 16 08:41:38 2013 :: Boot - Converting Objects(modern format)
Thu May 16 08:41:38 2013 :: Boot - Initial world respawn initiating
Err: obj a dagger (3351) -- 1, mob a young mage (1326) -- 9
Err: obj a dagger (3351) -- 1, mob a young mage (1326) -- 9
Err: obj a dagger (3351) -- 1, mob a young mage (1326) -- 9
Err: obj a dagger (3351) -- 1, mob the thief (3005) -- 8
Err: obj a dagger (3351) -- 1, mob the thief (3005) -- 8
Err: obj a dagger (3351) -- 1, mob the Mage (4100) -- 13
Err: obj a dagger (3351) -- 1, mob the Mage (4157) -- 11
Err: obj a dagger (3351) -- 1, mob the Mage (4157) -- 11
Err: obj a dagger (3351) -- 1, mob A tomb thief (8704) -- 10
Err: obj a dagger (3351) -- 1, mob A tomb thief (8704) -- 10
Err: obj a dagger (3351) -- 1, mob A tomb thief (8704) -- 10
Err: obj a dagger (3351) -- 1, mob A tomb thief (8704) -- 10
Err: obj a dagger (3351) -- 1, mob A tomb thief (8704) -- 10
Err: obj a dagger (3351) -- 1, mob A tomb thief (8704) -- 10
Err: obj an ice staff (9216) -- 15, mob a puddle (9214) -- 8
Err: obj an icicle (9227) -- 28, mob the Ice Bandit (9228) -- 24
Thu May 16 08:41:38 2013 :: Boot - Loading Notes
Thu May 16 08:41:38 2013 :: Boot - Loading Bans
Thu May 16 08:41:38 2013 :: Boot - Loading Songs
Thu May 16 08:41:38 2013 :: Boot - Loading Wizlist
Thu May 16 08:41:38 2013 :: Boot - Saving Materials File
Thu May 16 08:41:38 2013 :: Boot - Detecting greeting
Thu May 16 08:41:38 2013 :: Boot - Greeting detected!
Thu May 16 08:41:38 2013 :: DungeonWorld(00.01.57 (build: 157)) is now running on port 9080
Thu May 16 08:41:48 2013 :: Sock.sinaddr: 152.228.147.82
Thu May 16 08:41:49 2013 :: Loading Rayal.
Thu May 16 08:41:49 2013 :: [*****] BUG: Fread_char: no match for word (~)
Thu May 16 08:41:49 2013 :: [*****] BUG: Fread_char: no match for word (~)
Thu May 16 08:41:50 2013 :: Rayal@LEH-0002-025264.valpo.edu has connected.
Thu May 16 08:46:36 2013 :: Log Rayal: purge
Thu May 16 08:46:59 2013 :: Log Rayal: purge
Thu May 16 08:48:12 2013 :: Log Rayal: purge
Thu May 16 09:29:57 2013 :: Rayal has quit.
Err: obj an ice staff (9216) -- 15, mob a puddle (9214) -- 8
Err: obj a dagger (3351) -- 1, mob the thief (3005) -- 8
Err: obj a dagger (3351) -- 1, mob the thief (3005) -- 8
Sat May 18 10:48:53 2013 :: Sock.sinaddr: 50.104.44.96
Sat May 18 10:48:55 2013 :: Loading Rayal.
Sat May 18 10:48:55 2013 :: [*****] BUG: Fread_char: no match for word (~)
Sat May 18 10:48:55 2013 :: [*****] BUG: Fread_char: no match for word (~)
Sat May 18 10:48:56 2013 :: Rayal@50-104-44-96.prtg.in.frontiernet.net has connected.
Sat May 18 10:49:06 2013 :: Rayal has quit.
Sun May 19 10:18:19 2013 :: Sock.sinaddr: 69.209.35.158
Sun May 19 10:18:49 2013 :: EOF encountered on read.
Sun May 19 10:18:49 2013 :: Closing link to Zomg.
Sun May 19 10:18:49 2013 :: [*****] BUG: Extract_char: char not found: called from comm.c close_socket 1218
Tue May 21 23:50:46 2013 :: Sock.sinaddr: 204.209.44.14
Wed May 22 19:37:35 2013 :: Sock.sinaddr: 204.209.44.14
Thu May 23 03:12:33 2013 :: Sock.sinaddr: 204.209.44.14
Sat May 25 14:38:03 2013 :: Sock.sinaddr: 66.249.73.6
Sat May 25 14:53:03 2013 :: EOF encountered on read.
Sat May 25 15:00:07 2013 :: Sock.sinaddr: 66.249.73.6
Sat May 25 15:15:07 2013 :: EOF encountered on read.
Mon May 27 23:41:44 2013 :: Sock.sinaddr: 204.209.44.14
Wed Jun  5 06:30:08 2013 :: Sock.sinaddr: 66.249.73.6
Wed Jun  5 06:31:57 2013 :: EOF encountered on read.
Tue Jun 11 02:25:00 2013 :: Sock.sinaddr: 69.211.111.242
Tue Jun 11 02:25:37 2013 :: EOF encountered on read.
Tue Jun 11 02:25:37 2013 :: Closing link to PlumberMan.
Tue Jun 11 02:25:37 2013 :: [*****] BUG: Extract_char: char not found: called from comm.c close_socket 1218
