social.are
group.are
rom.are
help.are
limbo.are
plains.are
ofcol2.are
olympus.are
air.are
shire.are
immort.are
hitower.are
gnome.are
wyvern.are
catacomb.are
hood.are
draconia.are
mahntor.are
trollden.are
midgaard.are
chapel.are
midennir.are
grave.are
school.are
moria.are
eastern.are
drow.are
thalos.are
mirror.are
ofcol.are
haon.are
arachnos.are
dwarven.are
daycare.are
quifael.are
sewer.are
astral.are
valley.are
marsh.are
dream.are
pyramid.are
grove.are
nirvana.are
dylan.are
canyon.are
galaxy.are
mobfact.are
newthalos.are
tohell.are
$
